<?xml version="1.0" encoding="UTF-8"?>
<robot generator="Robot 6.0.2 (Python 3.11.3 on darwin)" generated="20230715 23:48:47.047" rpa="false" schemaversion="3">
<suite id="s1" name="1 Text box" source="/Users/macbookpro/PycharmProjects/ToolsQA/Cases/Elements/1_Text_box.robot">
<kw name="Open Web" library="Resource" type="SETUP">
<kw name="Open Browser" library="SeleniumLibrary">
<arg>${url}</arg>
<arg>firefox</arg>
<doc>Opens a new browser instance to the optional ``url``.</doc>
<msg timestamp="20230715 23:48:47.312" level="INFO">Opening browser 'firefox' to base url 'https://demoqa.com'.</msg>
<msg timestamp="20230715 23:48:47.314" level="INFO">Firefox driver log is always forced to to: /Users/macbookpro/PycharmProjects/ToolsQA/OUTPUT/geckodriver-31.log</msg>
<status status="PASS" starttime="20230715 23:48:47.312" endtime="20230715 23:49:09.512"/>
</kw>
<status status="PASS" starttime="20230715 23:48:47.312" endtime="20230715 23:49:09.512"/>
</kw>
<test id="s1-t1" name="Verify Home Page" line="17">
<kw name="Wait Until Page Contains Element" library="SeleniumLibrary">
<arg>//a/img[@src='/images/Toolsqa.jpg']</arg>
<doc>Waits until the element ``locator`` appears on the current page.</doc>
<status status="PASS" starttime="20230715 23:49:09.513" endtime="20230715 23:49:09.526"/>
</kw>
<status status="PASS" starttime="20230715 23:49:09.512" endtime="20230715 23:49:09.526"/>
</test>
<test id="s1-t2" name="Go to Elements Menu" line="19">
<kw name="Click" library="Resource">
<arg>//div/h5[text()='Elements']</arg>
<kw name="Wait Until Page Contains Element" library="SeleniumLibrary">
<arg>${Locator}</arg>
<doc>Waits until the element ``locator`` appears on the current page.</doc>
<status status="PASS" starttime="20230715 23:49:09.527" endtime="20230715 23:49:09.531"/>
</kw>
<kw name="Click Element" library="SeleniumLibrary">
<arg>${locator}</arg>
<doc>Click the element identified by ``locator``.</doc>
<msg timestamp="20230715 23:49:09.531" level="INFO">Clicking element '//div/h5[text()='Elements']'.</msg>
<status status="PASS" starttime="20230715 23:49:09.531" endtime="20230715 23:49:09.816"/>
</kw>
<status status="PASS" starttime="20230715 23:49:09.527" endtime="20230715 23:49:09.816"/>
</kw>
<kw name="Page Should Contain Element" library="SeleniumLibrary">
<arg>//div/div/div[text()='Elements']</arg>
<doc>Verifies that element ``locator`` is found on the current page.</doc>
<msg timestamp="20230715 23:49:09.819" level="INFO">Current page contains element '//div/div/div[text()='Elements']'.</msg>
<status status="PASS" starttime="20230715 23:49:09.816" endtime="20230715 23:49:09.819"/>
</kw>
<kw name="Page Should Contain" library="SeleniumLibrary">
<arg>Please select an item from left to start practice</arg>
<doc>Verifies that current page contains ``text``.</doc>
<msg timestamp="20230715 23:49:09.827" level="INFO">Current page contains text 'Please select an item from left to start practice'.</msg>
<status status="PASS" starttime="20230715 23:49:09.819" endtime="20230715 23:49:09.827"/>
</kw>
<status status="PASS" starttime="20230715 23:49:09.527" endtime="20230715 23:49:09.827"/>
</test>
<test id="s1-t3" name="Click Text Box tab" line="26">
<kw name="Click" library="Resource">
<arg>//span[text()='Text Box']</arg>
<kw name="Wait Until Page Contains Element" library="SeleniumLibrary">
<arg>${Locator}</arg>
<doc>Waits until the element ``locator`` appears on the current page.</doc>
<status status="PASS" starttime="20230715 23:49:09.828" endtime="20230715 23:49:09.831"/>
</kw>
<kw name="Click Element" library="SeleniumLibrary">
<arg>${locator}</arg>
<doc>Click the element identified by ``locator``.</doc>
<msg timestamp="20230715 23:49:09.832" level="INFO">Clicking element '//span[text()='Text Box']'.</msg>
<status status="PASS" starttime="20230715 23:49:09.831" endtime="20230715 23:49:10.070"/>
</kw>
<status status="PASS" starttime="20230715 23:49:09.828" endtime="20230715 23:49:10.070"/>
</kw>
<kw name="Page Should Contain Element" library="SeleniumLibrary">
<arg>//div/div/div[1]/div[text()='Text Box']</arg>
<doc>Verifies that element ``locator`` is found on the current page.</doc>
<msg timestamp="20230715 23:49:10.119" level="INFO">Current page contains element '//div/div/div[1]/div[text()='Text Box']'.</msg>
<status status="PASS" starttime="20230715 23:49:10.070" endtime="20230715 23:49:10.119"/>
</kw>
<status status="PASS" starttime="20230715 23:49:09.828" endtime="20230715 23:49:10.120"/>
</test>
<test id="s1-t4" name="Input Form" line="29">
<kw name="Input" library="Resource">
<arg>//input[@id='userName']</arg>
<arg>${name}</arg>
<kw name="Wait Until Page Contains Element" library="SeleniumLibrary">
<arg>${Locator}</arg>
<doc>Waits until the element ``locator`` appears on the current page.</doc>
<status status="PASS" starttime="20230715 23:49:10.123" endtime="20230715 23:49:10.141"/>
</kw>
<kw name="Input Text" library="SeleniumLibrary">
<arg>${locator}</arg>
<arg>${text}</arg>
<doc>Types the given ``text`` into the text field identified by ``locator``.</doc>
<msg timestamp="20230715 23:49:10.142" level="INFO">Typing text 'TestName' into text field '//input[@id='userName']'.</msg>
<status status="PASS" starttime="20230715 23:49:10.141" endtime="20230715 23:49:10.276"/>
</kw>
<status status="PASS" starttime="20230715 23:49:10.123" endtime="20230715 23:49:10.276"/>
</kw>
<kw name="Input" library="Resource">
<arg>//input[@id='userEmail']</arg>
<arg>${email}</arg>
<kw name="Wait Until Page Contains Element" library="SeleniumLibrary">
<arg>${Locator}</arg>
<doc>Waits until the element ``locator`` appears on the current page.</doc>
<status status="PASS" starttime="20230715 23:49:10.277" endtime="20230715 23:49:10.290"/>
</kw>
<kw name="Input Text" library="SeleniumLibrary">
<arg>${locator}</arg>
<arg>${text}</arg>
<doc>Types the given ``text`` into the text field identified by ``locator``.</doc>
<msg timestamp="20230715 23:49:10.292" level="INFO">Typing text 'Email@test.com' into text field '//input[@id='userEmail']'.</msg>
<status status="PASS" starttime="20230715 23:49:10.290" endtime="20230715 23:49:10.330"/>
</kw>
<status status="PASS" starttime="20230715 23:49:10.276" endtime="20230715 23:49:10.330"/>
</kw>
<kw name="Input" library="Resource">
<arg>//textarea[@id='currentAddress']</arg>
<arg>${Current_Add}</arg>
<kw name="Wait Until Page Contains Element" library="SeleniumLibrary">
<arg>${Locator}</arg>
<doc>Waits until the element ``locator`` appears on the current page.</doc>
<status status="PASS" starttime="20230715 23:49:10.330" endtime="20230715 23:49:10.334"/>
</kw>
<kw name="Input Text" library="SeleniumLibrary">
<arg>${locator}</arg>
<arg>${text}</arg>
<doc>Types the given ``text`` into the text field identified by ``locator``.</doc>
<msg timestamp="20230715 23:49:10.335" level="INFO">Typing text '123 St.123 Destin FL 12345' into text field '//textarea[@id='currentAddress']'.</msg>
<status status="PASS" starttime="20230715 23:49:10.334" endtime="20230715 23:49:10.374"/>
</kw>
<status status="PASS" starttime="20230715 23:49:10.330" endtime="20230715 23:49:10.374"/>
</kw>
<kw name="Input" library="Resource">
<arg>//textarea[@id='permanentAddress']</arg>
<arg>${Permanent_Add}</arg>
<kw name="Wait Until Page Contains Element" library="SeleniumLibrary">
<arg>${Locator}</arg>
<doc>Waits until the element ``locator`` appears on the current page.</doc>
<status status="PASS" starttime="20230715 23:49:10.374" endtime="20230715 23:49:10.378"/>
</kw>
<kw name="Input Text" library="SeleniumLibrary">
<arg>${locator}</arg>
<arg>${text}</arg>
<doc>Types the given ``text`` into the text field identified by ``locator``.</doc>
<msg timestamp="20230715 23:49:10.379" level="INFO">Typing text 'Same As Current Address' into text field '//textarea[@id='permanentAddress']'.</msg>
<status status="PASS" starttime="20230715 23:49:10.379" endtime="20230715 23:49:10.420"/>
</kw>
<status status="PASS" starttime="20230715 23:49:10.374" endtime="20230715 23:49:10.420"/>
</kw>
<kw name="Execute Javascript" library="SeleniumLibrary">
<arg>window.scrollTo(0,100)</arg>
<doc>Executes the given JavaScript code with possible arguments.</doc>
<msg timestamp="20230715 23:49:10.422" level="INFO">Executing JavaScript:
window.scrollTo(0,100)
Without any arguments.</msg>
<status status="PASS" starttime="20230715 23:49:10.421" endtime="20230715 23:49:10.431"/>
</kw>
<kw name="Click" library="Resource">
<arg>//button[@id='submit']</arg>
<kw name="Wait Until Page Contains Element" library="SeleniumLibrary">
<arg>${Locator}</arg>
<doc>Waits until the element ``locator`` appears on the current page.</doc>
<status status="PASS" starttime="20230715 23:49:10.432" endtime="20230715 23:49:10.435"/>
</kw>
<kw name="Click Element" library="SeleniumLibrary">
<arg>${locator}</arg>
<doc>Click the element identified by ``locator``.</doc>
<msg timestamp="20230715 23:49:10.435" level="INFO">Clicking element '//button[@id='submit']'.</msg>
<status status="PASS" starttime="20230715 23:49:10.435" endtime="20230715 23:49:10.659"/>
</kw>
<status status="PASS" starttime="20230715 23:49:10.431" endtime="20230715 23:49:10.659"/>
</kw>
<status status="PASS" starttime="20230715 23:49:10.122" endtime="20230715 23:49:10.659"/>
</test>
<test id="s1-t5" name="Verify input text" line="41">
<kw name="Wait Until Page Contains Element" library="SeleniumLibrary">
<arg>//*[@id="output"]/div[1]/p[4]</arg>
<doc>Waits until the element ``locator`` appears on the current page.</doc>
<status status="PASS" starttime="20230715 23:49:10.661" endtime="20230715 23:49:10.669"/>
</kw>
<kw name="Page Should Contain" library="SeleniumLibrary">
<arg>Name:${name}</arg>
<doc>Verifies that current page contains ``text``.</doc>
<msg timestamp="20230715 23:49:11.100" level="INFO">Current page contains text 'Name:TestName'.</msg>
<status status="PASS" starttime="20230715 23:49:10.670" endtime="20230715 23:49:11.100"/>
</kw>
<kw name="Page Should Contain" library="SeleniumLibrary">
<arg>Email:${email}</arg>
<doc>Verifies that current page contains ``text``.</doc>
<msg timestamp="20230715 23:49:11.115" level="INFO">Current page contains text 'Email:Email@test.com'.</msg>
<status status="PASS" starttime="20230715 23:49:11.100" endtime="20230715 23:49:11.115"/>
</kw>
<kw name="Page Should Contain" library="SeleniumLibrary">
<arg>Current Address :${Current_Add}</arg>
<doc>Verifies that current page contains ``text``.</doc>
<msg timestamp="20230715 23:49:11.148" level="INFO">Current page contains text 'Current Address :123 St.123 Destin FL 12345'.</msg>
<status status="PASS" starttime="20230715 23:49:11.115" endtime="20230715 23:49:11.148"/>
</kw>
<kw name="Page Should Contain" library="SeleniumLibrary">
<arg>Permananet Address :${Permanent_Add}</arg>
<doc>Verifies that current page contains ``text``.</doc>
<msg timestamp="20230715 23:49:11.163" level="INFO">Current page contains text 'Permananet Address :Same As Current Address'.</msg>
<status status="PASS" starttime="20230715 23:49:11.148" endtime="20230715 23:49:11.163"/>
</kw>
<status status="PASS" starttime="20230715 23:49:10.660" endtime="20230715 23:49:11.163"/>
</test>
<kw name="Close Web" library="Resource" type="TEARDOWN">
<kw name="Close Browser" library="SeleniumLibrary">
<doc>Closes the current browser.</doc>
<status status="PASS" starttime="20230715 23:49:11.164" endtime="20230715 23:49:12.122"/>
</kw>
<status status="PASS" starttime="20230715 23:49:11.164" endtime="20230715 23:49:12.122"/>
</kw>
<doc>Test TextBox Elements</doc>
<status status="PASS" starttime="20230715 23:48:47.048" endtime="20230715 23:49:12.122"/>
</suite>
<statistics>
<total>
<stat pass="5" fail="0" skip="0">All Tests</stat>
</total>
<tag>
</tag>
<suite>
<stat pass="5" fail="0" skip="0" id="s1" name="1 Text box">1 Text box</stat>
</suite>
</statistics>
<errors>
</errors>
</robot>
